<?xml version="1.0" encoding="UTF-8"?>
<!-- Generated by org.testng.reporters.JUnitXMLReporter -->
<testsuite ignored="0" hostname="HOME-PC" failures="2" tests="2" name="Surefire test" time="46.495" errors="0" timestamp="2023-05-29T17:01:00 MSK">
  <testcase classname="io.cucumber.testng.AbstractTestNGCucumberTests" name="runScenario" time="25.817">
    <failure type="com.codeborne.selenide.ex.SoftAssertionError" message="Test com.yakushkin.cucumber.testng.runner.CucumberTestRunner.runScenario failed (2 failures)
	org.openqa.selenium.TimeoutException: TimedPromise timed out after 20000 ms
Build info: version: &amp;apos;4.8.3&amp;apos;, revision: &amp;apos;e5e76298c3&amp;apos;
System info: os.name: &amp;apos;Windows 11&amp;apos;, os.arch: &amp;apos;amd64&amp;apos;, os.version: &amp;apos;10.0&amp;apos;, java.version: &amp;apos;18.0.1.1&amp;apos;
selenide.remote: http://localhost:6672/wd/hub
Driver info: org.openqa.selenium.remote.RemoteWebDriver
Command: [d080f0ba-52ca-4bcc-8c6e-ec88ae6524c5, get {url=https://catalog.onliner.by/videocard/gigabyte/gvn407teagleoc12}]
selenide.url: https://catalog.onliner.by/videocard/gigabyte/gvn407teagleoc12
Capabilities {acceptInsecureCerts: true, browserName: firefox, browserVersion: 112.0, moz:accessibilityChecks: false, moz:buildID: 20230406114409, moz:debuggerAddress: 127.0.0.1:9222, moz:geckodriverVersion: 0.33.0, moz:headless: false, moz:platformVersion: 5.10.16.3-microsoft-standar..., moz:processID: 77, moz:profile: /tmp/rust_mozprofileBbPhX3, moz:shutdownTimeout: 60000, moz:useNonSpecCompliantPointerOrigin: false, moz:webdriverClick: true, moz:windowless: false, pageLoadStrategy: normal, platformName: LINUX, proxy: Proxy(), setWindowRect: true, strictFileInteractability: false, timeouts: {implicit: 0, pageLoad: 300000, script: 30000}, unhandledPromptBehavior: accept}
selenide.baseUrl: http://localhost:8080
Session ID: d080f0ba-52ca-4bcc-8c6e-ec88ae6524c5
	org.openqa.selenium.TimeoutException: TimedPromise timed out after 20000 ms
Build info: version: &amp;apos;4.8.3&amp;apos;, revision: &amp;apos;e5e76298c3&amp;apos;
System info: os.name: &amp;apos;Windows 11&amp;apos;, os.arch: &amp;apos;amd64&amp;apos;, os.version: &amp;apos;10.0&amp;apos;, java.version: &amp;apos;18.0.1.1&amp;apos;
selenide.remote: http://localhost:6672/wd/hub
Driver info: org.openqa.selenium.remote.RemoteWebDriver
Command: [d080f0ba-52ca-4bcc-8c6e-ec88ae6524c5, get {url=https://catalog.onliner.by/videocard/gigabyte/gvn407teagleoc12}]
selenide.url: https://catalog.onliner.by/videocard/gigabyte/gvn407teagleoc12
Capabilities {acceptInsecureCerts: true, browserName: firefox, browserVersion: 112.0, moz:accessibilityChecks: false, moz:buildID: 20230406114409, moz:debuggerAddress: 127.0.0.1:9222, moz:geckodriverVersion: 0.33.0, moz:headless: false, moz:platformVersion: 5.10.16.3-microsoft-standar..., moz:processID: 77, moz:profile: /tmp/rust_mozprofileBbPhX3, moz:shutdownTimeout: 60000, moz:useNonSpecCompliantPointerOrigin: false, moz:webdriverClick: true, moz:windowless: false, pageLoadStrategy: normal, platformName: LINUX, proxy: Proxy(), setWindowRect: true, strictFileInteractability: false, timeouts: {implicit: 0, pageLoad: 300000, script: 30000}, unhandledPromptBehavior: accept}
selenide.baseUrl: http://localhost:8080
Session ID: d080f0ba-52ca-4bcc-8c6e-ec88ae6524c5">
      <![CDATA[com.codeborne.selenide.ex.SoftAssertionError: Test com.yakushkin.cucumber.testng.runner.CucumberTestRunner.runScenario failed (2 failures)
org.openqa.selenium.TimeoutException: TimedPromise timed out after 20000 ms
Build info: version: '4.8.3', revision: 'e5e76298c3'
System info: os.name: 'Windows 11', os.arch: 'amd64', os.version: '10.0', java.version: '18.0.1.1'
selenide.remote: http://localhost:6672/wd/hub
Driver info: org.openqa.selenium.remote.RemoteWebDriver
Command: [d080f0ba-52ca-4bcc-8c6e-ec88ae6524c5, get {url=https://catalog.onliner.by/videocard/gigabyte/gvn407teagleoc12}]
selenide.url: https://catalog.onliner.by/videocard/gigabyte/gvn407teagleoc12
Capabilities {acceptInsecureCerts: true, browserName: firefox, browserVersion: 112.0, moz:accessibilityChecks: false, moz:buildID: 20230406114409, moz:debuggerAddress: 127.0.0.1:9222, moz:geckodriverVersion: 0.33.0, moz:headless: false, moz:platformVersion: 5.10.16.3-microsoft-standar..., moz:processID: 77, moz:profile: /tmp/rust_mozprofileBbPhX3, moz:shutdownTimeout: 60000, moz:useNonSpecCompliantPointerOrigin: false, moz:webdriverClick: true, moz:windowless: false, pageLoadStrategy: normal, platformName: LINUX, proxy: Proxy(), setWindowRect: true, strictFileInteractability: false, timeouts: {implicit: 0, pageLoad: 300000, script: 30000}, unhandledPromptBehavior: accept}
selenide.baseUrl: http://localhost:8080
Session ID: d080f0ba-52ca-4bcc-8c6e-ec88ae6524c5
org.openqa.selenium.TimeoutException: TimedPromise timed out after 20000 ms
Build info: version: '4.8.3', revision: 'e5e76298c3'
System info: os.name: 'Windows 11', os.arch: 'amd64', os.version: '10.0', java.version: '18.0.1.1'
selenide.remote: http://localhost:6672/wd/hub
Driver info: org.openqa.selenium.remote.RemoteWebDriver
Command: [d080f0ba-52ca-4bcc-8c6e-ec88ae6524c5, get {url=https://catalog.onliner.by/videocard/gigabyte/gvn407teagleoc12}]
selenide.url: https://catalog.onliner.by/videocard/gigabyte/gvn407teagleoc12
Capabilities {acceptInsecureCerts: true, browserName: firefox, browserVersion: 112.0, moz:accessibilityChecks: false, moz:buildID: 20230406114409, moz:debuggerAddress: 127.0.0.1:9222, moz:geckodriverVersion: 0.33.0, moz:headless: false, moz:platformVersion: 5.10.16.3-microsoft-standar..., moz:processID: 77, moz:profile: /tmp/rust_mozprofileBbPhX3, moz:shutdownTimeout: 60000, moz:useNonSpecCompliantPointerOrigin: false, moz:webdriverClick: true, moz:windowless: false, pageLoadStrategy: normal, platformName: LINUX, proxy: Proxy(), setWindowRect: true, strictFileInteractability: false, timeouts: {implicit: 0, pageLoad: 300000, script: 30000}, unhandledPromptBehavior: accept}
selenide.baseUrl: http://localhost:8080
Session ID: d080f0ba-52ca-4bcc-8c6e-ec88ae6524c5
at com.codeborne.selenide.logevents.ErrorsCollector.cleanAndGetAssertionError(ErrorsCollector.java:64)
at com.codeborne.selenide.testng.SoftAsserts.failIfErrors(SoftAsserts.java:91)
at com.codeborne.selenide.testng.SoftAsserts.onTestFailure(SoftAsserts.java:31)
at java.base/java.util.ArrayList.forEach(ArrayList.java:1511)
... Removed 29 stack frames]]>
    </failure>
  </testcase> <!-- runScenario -->
  <testcase classname="io.cucumber.testng.AbstractTestNGCucumberTests" name="runScenario" time="20.137">
    <failure type="com.codeborne.selenide.ex.SoftAssertionError" message="Test com.yakushkin.cucumber.testng.runner.CucumberTestRunner.runScenario failed (2 failures)
	org.openqa.selenium.TimeoutException: TimedPromise timed out after 20000 ms
Build info: version: &amp;apos;4.8.3&amp;apos;, revision: &amp;apos;e5e76298c3&amp;apos;
System info: os.name: &amp;apos;Windows 11&amp;apos;, os.arch: &amp;apos;amd64&amp;apos;, os.version: &amp;apos;10.0&amp;apos;, java.version: &amp;apos;18.0.1.1&amp;apos;
selenide.remote: http://localhost:6672/wd/hub
Driver info: org.openqa.selenium.remote.RemoteWebDriver
Command: [d080f0ba-52ca-4bcc-8c6e-ec88ae6524c5, get {url=https://catalog.onliner.by/mobile/xiaomi/mi1312256gllg}]
selenide.url: https://catalog.onliner.by/mobile/xiaomi/mi1312256gllg
Capabilities {acceptInsecureCerts: true, browserName: firefox, browserVersion: 112.0, moz:accessibilityChecks: false, moz:buildID: 20230406114409, moz:debuggerAddress: 127.0.0.1:9222, moz:geckodriverVersion: 0.33.0, moz:headless: false, moz:platformVersion: 5.10.16.3-microsoft-standar..., moz:processID: 77, moz:profile: /tmp/rust_mozprofileBbPhX3, moz:shutdownTimeout: 60000, moz:useNonSpecCompliantPointerOrigin: false, moz:webdriverClick: true, moz:windowless: false, pageLoadStrategy: normal, platformName: LINUX, proxy: Proxy(), setWindowRect: true, strictFileInteractability: false, timeouts: {implicit: 0, pageLoad: 300000, script: 30000}, unhandledPromptBehavior: accept}
selenide.baseUrl: http://localhost:8080
Session ID: d080f0ba-52ca-4bcc-8c6e-ec88ae6524c5
	org.openqa.selenium.TimeoutException: TimedPromise timed out after 20000 ms
Build info: version: &amp;apos;4.8.3&amp;apos;, revision: &amp;apos;e5e76298c3&amp;apos;
System info: os.name: &amp;apos;Windows 11&amp;apos;, os.arch: &amp;apos;amd64&amp;apos;, os.version: &amp;apos;10.0&amp;apos;, java.version: &amp;apos;18.0.1.1&amp;apos;
selenide.remote: http://localhost:6672/wd/hub
Driver info: org.openqa.selenium.remote.RemoteWebDriver
Command: [d080f0ba-52ca-4bcc-8c6e-ec88ae6524c5, get {url=https://catalog.onliner.by/mobile/xiaomi/mi1312256gllg}]
selenide.url: https://catalog.onliner.by/mobile/xiaomi/mi1312256gllg
Capabilities {acceptInsecureCerts: true, browserName: firefox, browserVersion: 112.0, moz:accessibilityChecks: false, moz:buildID: 20230406114409, moz:debuggerAddress: 127.0.0.1:9222, moz:geckodriverVersion: 0.33.0, moz:headless: false, moz:platformVersion: 5.10.16.3-microsoft-standar..., moz:processID: 77, moz:profile: /tmp/rust_mozprofileBbPhX3, moz:shutdownTimeout: 60000, moz:useNonSpecCompliantPointerOrigin: false, moz:webdriverClick: true, moz:windowless: false, pageLoadStrategy: normal, platformName: LINUX, proxy: Proxy(), setWindowRect: true, strictFileInteractability: false, timeouts: {implicit: 0, pageLoad: 300000, script: 30000}, unhandledPromptBehavior: accept}
selenide.baseUrl: http://localhost:8080
Session ID: d080f0ba-52ca-4bcc-8c6e-ec88ae6524c5">
      <![CDATA[com.codeborne.selenide.ex.SoftAssertionError: Test com.yakushkin.cucumber.testng.runner.CucumberTestRunner.runScenario failed (2 failures)
org.openqa.selenium.TimeoutException: TimedPromise timed out after 20000 ms
Build info: version: '4.8.3', revision: 'e5e76298c3'
System info: os.name: 'Windows 11', os.arch: 'amd64', os.version: '10.0', java.version: '18.0.1.1'
selenide.remote: http://localhost:6672/wd/hub
Driver info: org.openqa.selenium.remote.RemoteWebDriver
Command: [d080f0ba-52ca-4bcc-8c6e-ec88ae6524c5, get {url=https://catalog.onliner.by/mobile/xiaomi/mi1312256gllg}]
selenide.url: https://catalog.onliner.by/mobile/xiaomi/mi1312256gllg
Capabilities {acceptInsecureCerts: true, browserName: firefox, browserVersion: 112.0, moz:accessibilityChecks: false, moz:buildID: 20230406114409, moz:debuggerAddress: 127.0.0.1:9222, moz:geckodriverVersion: 0.33.0, moz:headless: false, moz:platformVersion: 5.10.16.3-microsoft-standar..., moz:processID: 77, moz:profile: /tmp/rust_mozprofileBbPhX3, moz:shutdownTimeout: 60000, moz:useNonSpecCompliantPointerOrigin: false, moz:webdriverClick: true, moz:windowless: false, pageLoadStrategy: normal, platformName: LINUX, proxy: Proxy(), setWindowRect: true, strictFileInteractability: false, timeouts: {implicit: 0, pageLoad: 300000, script: 30000}, unhandledPromptBehavior: accept}
selenide.baseUrl: http://localhost:8080
Session ID: d080f0ba-52ca-4bcc-8c6e-ec88ae6524c5
org.openqa.selenium.TimeoutException: TimedPromise timed out after 20000 ms
Build info: version: '4.8.3', revision: 'e5e76298c3'
System info: os.name: 'Windows 11', os.arch: 'amd64', os.version: '10.0', java.version: '18.0.1.1'
selenide.remote: http://localhost:6672/wd/hub
Driver info: org.openqa.selenium.remote.RemoteWebDriver
Command: [d080f0ba-52ca-4bcc-8c6e-ec88ae6524c5, get {url=https://catalog.onliner.by/mobile/xiaomi/mi1312256gllg}]
selenide.url: https://catalog.onliner.by/mobile/xiaomi/mi1312256gllg
Capabilities {acceptInsecureCerts: true, browserName: firefox, browserVersion: 112.0, moz:accessibilityChecks: false, moz:buildID: 20230406114409, moz:debuggerAddress: 127.0.0.1:9222, moz:geckodriverVersion: 0.33.0, moz:headless: false, moz:platformVersion: 5.10.16.3-microsoft-standar..., moz:processID: 77, moz:profile: /tmp/rust_mozprofileBbPhX3, moz:shutdownTimeout: 60000, moz:useNonSpecCompliantPointerOrigin: false, moz:webdriverClick: true, moz:windowless: false, pageLoadStrategy: normal, platformName: LINUX, proxy: Proxy(), setWindowRect: true, strictFileInteractability: false, timeouts: {implicit: 0, pageLoad: 300000, script: 30000}, unhandledPromptBehavior: accept}
selenide.baseUrl: http://localhost:8080
Session ID: d080f0ba-52ca-4bcc-8c6e-ec88ae6524c5
at com.codeborne.selenide.logevents.ErrorsCollector.cleanAndGetAssertionError(ErrorsCollector.java:64)
at com.codeborne.selenide.testng.SoftAsserts.failIfErrors(SoftAsserts.java:91)
at com.codeborne.selenide.testng.SoftAsserts.onTestFailure(SoftAsserts.java:31)
at java.base/java.util.ArrayList.forEach(ArrayList.java:1511)
... Removed 29 stack frames]]>
    </failure>
  </testcase> <!-- runScenario -->
</testsuite> <!-- Surefire test -->
