<?xml version="1.0" encoding="UTF-8"?>
<testng-results ignored="0" total="2" passed="0" failed="2" skipped="0">
  <reporter-output>
  </reporter-output>
  <suite started-at="2023-05-29T17:00:14 MSK" name="Surefire suite" finished-at="2023-05-29T17:01:00 MSK" duration-ms="46495">
    <groups>
      <group name="cucumber">
        <method signature="AbstractTestNGCucumberTests.runScenario(io.cucumber.testng.PickleWrapper,io.cucumber.testng.FeatureWrapper)[pri:0, instance:com.yakushkin.cucumber.testng.runner.CucumberTestRunner@6f1de4c7]" name="runScenario" class="io.cucumber.testng.AbstractTestNGCucumberTests"/>
      </group> <!-- cucumber -->
    </groups>
    <test started-at="2023-05-29T17:00:14 MSK" name="Surefire test" finished-at="2023-05-29T17:01:00 MSK" duration-ms="46495">
      <class name="com.yakushkin.cucumber.testng.runner.CucumberTestRunner">
        <test-method is-config="true" signature="setUpClass(org.testng.ITestContext)[pri:0, instance:com.yakushkin.cucumber.testng.runner.CucumberTestRunner@6f1de4c7]" started-at="2023-05-29T17:00:14 MSK" name="setUpClass" finished-at="2023-05-29T17:00:14 MSK" duration-ms="458" status="PASS">
          <params>
            <param index="0">
              <value>
                <![CDATA[org.testng.TestRunner@4abdd5e]]>
              </value>
            </param>
          </params>
          <reporter-output>
          </reporter-output>
        </test-method> <!-- setUpClass -->
        <test-method signature="runScenario(io.cucumber.testng.PickleWrapper,io.cucumber.testng.FeatureWrapper)[pri:0, instance:com.yakushkin.cucumber.testng.runner.CucumberTestRunner@6f1de4c7]" started-at="2023-05-29T17:00:14 MSK" name="runScenario" description="Runs Cucumber Scenarios" data-provider="scenarios" finished-at="2023-05-29T17:00:40 MSK" duration-ms="25817" status="FAIL">
          <params>
            <param index="0">
              <value>
                <![CDATA["Shopping cart should contains selected product by click on 'В корзину' button"]]>
              </value>
            </param>
            <param index="1">
              <value>
                <![CDATA["As an open web user"]]>
              </value>
            </param>
          </params>
          <exception class="com.codeborne.selenide.ex.SoftAssertionError">
            <message>
              <![CDATA[Test com.yakushkin.cucumber.testng.runner.CucumberTestRunner.runScenario failed (2 failures)
org.openqa.selenium.TimeoutException: TimedPromise timed out after 20000 ms
Build info: version: '4.8.3', revision: 'e5e76298c3'
System info: os.name: 'Windows 11', os.arch: 'amd64', os.version: '10.0', java.version: '18.0.1.1'
selenide.remote: http://localhost:6672/wd/hub
Driver info: org.openqa.selenium.remote.RemoteWebDriver
Command: [d080f0ba-52ca-4bcc-8c6e-ec88ae6524c5, get {url=https://catalog.onliner.by/videocard/gigabyte/gvn407teagleoc12}]
selenide.url: https://catalog.onliner.by/videocard/gigabyte/gvn407teagleoc12
Capabilities {acceptInsecureCerts: true, browserName: firefox, browserVersion: 112.0, moz:accessibilityChecks: false, moz:buildID: 20230406114409, moz:debuggerAddress: 127.0.0.1:9222, moz:geckodriverVersion: 0.33.0, moz:headless: false, moz:platformVersion: 5.10.16.3-microsoft-standar..., moz:processID: 77, moz:profile: /tmp/rust_mozprofileBbPhX3, moz:shutdownTimeout: 60000, moz:useNonSpecCompliantPointerOrigin: false, moz:webdriverClick: true, moz:windowless: false, pageLoadStrategy: normal, platformName: LINUX, proxy: Proxy(), setWindowRect: true, strictFileInteractability: false, timeouts: {implicit: 0, pageLoad: 300000, script: 30000}, unhandledPromptBehavior: accept}
selenide.baseUrl: http://localhost:8080
Session ID: d080f0ba-52ca-4bcc-8c6e-ec88ae6524c5
org.openqa.selenium.TimeoutException: TimedPromise timed out after 20000 ms
Build info: version: '4.8.3', revision: 'e5e76298c3'
System info: os.name: 'Windows 11', os.arch: 'amd64', os.version: '10.0', java.version: '18.0.1.1'
selenide.remote: http://localhost:6672/wd/hub
Driver info: org.openqa.selenium.remote.RemoteWebDriver
Command: [d080f0ba-52ca-4bcc-8c6e-ec88ae6524c5, get {url=https://catalog.onliner.by/videocard/gigabyte/gvn407teagleoc12}]
selenide.url: https://catalog.onliner.by/videocard/gigabyte/gvn407teagleoc12
Capabilities {acceptInsecureCerts: true, browserName: firefox, browserVersion: 112.0, moz:accessibilityChecks: false, moz:buildID: 20230406114409, moz:debuggerAddress: 127.0.0.1:9222, moz:geckodriverVersion: 0.33.0, moz:headless: false, moz:platformVersion: 5.10.16.3-microsoft-standar..., moz:processID: 77, moz:profile: /tmp/rust_mozprofileBbPhX3, moz:shutdownTimeout: 60000, moz:useNonSpecCompliantPointerOrigin: false, moz:webdriverClick: true, moz:windowless: false, pageLoadStrategy: normal, platformName: LINUX, proxy: Proxy(), setWindowRect: true, strictFileInteractability: false, timeouts: {implicit: 0, pageLoad: 300000, script: 30000}, unhandledPromptBehavior: accept}
selenide.baseUrl: http://localhost:8080
Session ID: d080f0ba-52ca-4bcc-8c6e-ec88ae6524c5]]>
            </message>
            <full-stacktrace>
              <![CDATA[com.codeborne.selenide.ex.SoftAssertionError: Test com.yakushkin.cucumber.testng.runner.CucumberTestRunner.runScenario failed (2 failures)
org.openqa.selenium.TimeoutException: TimedPromise timed out after 20000 ms
Build info: version: '4.8.3', revision: 'e5e76298c3'
System info: os.name: 'Windows 11', os.arch: 'amd64', os.version: '10.0', java.version: '18.0.1.1'
selenide.remote: http://localhost:6672/wd/hub
Driver info: org.openqa.selenium.remote.RemoteWebDriver
Command: [d080f0ba-52ca-4bcc-8c6e-ec88ae6524c5, get {url=https://catalog.onliner.by/videocard/gigabyte/gvn407teagleoc12}]
selenide.url: https://catalog.onliner.by/videocard/gigabyte/gvn407teagleoc12
Capabilities {acceptInsecureCerts: true, browserName: firefox, browserVersion: 112.0, moz:accessibilityChecks: false, moz:buildID: 20230406114409, moz:debuggerAddress: 127.0.0.1:9222, moz:geckodriverVersion: 0.33.0, moz:headless: false, moz:platformVersion: 5.10.16.3-microsoft-standar..., moz:processID: 77, moz:profile: /tmp/rust_mozprofileBbPhX3, moz:shutdownTimeout: 60000, moz:useNonSpecCompliantPointerOrigin: false, moz:webdriverClick: true, moz:windowless: false, pageLoadStrategy: normal, platformName: LINUX, proxy: Proxy(), setWindowRect: true, strictFileInteractability: false, timeouts: {implicit: 0, pageLoad: 300000, script: 30000}, unhandledPromptBehavior: accept}
selenide.baseUrl: http://localhost:8080
Session ID: d080f0ba-52ca-4bcc-8c6e-ec88ae6524c5
org.openqa.selenium.TimeoutException: TimedPromise timed out after 20000 ms
Build info: version: '4.8.3', revision: 'e5e76298c3'
System info: os.name: 'Windows 11', os.arch: 'amd64', os.version: '10.0', java.version: '18.0.1.1'
selenide.remote: http://localhost:6672/wd/hub
Driver info: org.openqa.selenium.remote.RemoteWebDriver
Command: [d080f0ba-52ca-4bcc-8c6e-ec88ae6524c5, get {url=https://catalog.onliner.by/videocard/gigabyte/gvn407teagleoc12}]
selenide.url: https://catalog.onliner.by/videocard/gigabyte/gvn407teagleoc12
Capabilities {acceptInsecureCerts: true, browserName: firefox, browserVersion: 112.0, moz:accessibilityChecks: false, moz:buildID: 20230406114409, moz:debuggerAddress: 127.0.0.1:9222, moz:geckodriverVersion: 0.33.0, moz:headless: false, moz:platformVersion: 5.10.16.3-microsoft-standar..., moz:processID: 77, moz:profile: /tmp/rust_mozprofileBbPhX3, moz:shutdownTimeout: 60000, moz:useNonSpecCompliantPointerOrigin: false, moz:webdriverClick: true, moz:windowless: false, pageLoadStrategy: normal, platformName: LINUX, proxy: Proxy(), setWindowRect: true, strictFileInteractability: false, timeouts: {implicit: 0, pageLoad: 300000, script: 30000}, unhandledPromptBehavior: accept}
selenide.baseUrl: http://localhost:8080
Session ID: d080f0ba-52ca-4bcc-8c6e-ec88ae6524c5
at com.codeborne.selenide.logevents.ErrorsCollector.cleanAndGetAssertionError(ErrorsCollector.java:64)
at com.codeborne.selenide.testng.SoftAsserts.failIfErrors(SoftAsserts.java:91)
at com.codeborne.selenide.testng.SoftAsserts.onTestFailure(SoftAsserts.java:31)
at org.testng.internal.TestListenerHelper.runTestListeners(TestListenerHelper.java:99)
at org.testng.internal.invokers.TestInvoker.runTestResultListener(TestInvoker.java:277)
at org.testng.internal.invokers.TestInvoker.invokeMethod(TestInvoker.java:764)
at org.testng.internal.invokers.TestInvoker.invokeTestMethod(TestInvoker.java:221)
at org.testng.internal.invokers.MethodRunner.runInSequence(MethodRunner.java:50)
at org.testng.internal.invokers.TestInvoker$MethodInvocationAgent.invoke(TestInvoker.java:969)
at org.testng.internal.invokers.TestInvoker.invokeTestMethods(TestInvoker.java:194)
at org.testng.internal.invokers.TestMethodWorker.invokeTestMethods(TestMethodWorker.java:148)
at org.testng.internal.invokers.TestMethodWorker.run(TestMethodWorker.java:128)
at java.base/java.util.ArrayList.forEach(ArrayList.java:1511)
at org.testng.TestRunner.privateRun(TestRunner.java:829)
at org.testng.TestRunner.run(TestRunner.java:602)
at org.testng.SuiteRunner.runTest(SuiteRunner.java:437)
at org.testng.SuiteRunner.runSequentially(SuiteRunner.java:431)
at org.testng.SuiteRunner.privateRun(SuiteRunner.java:391)
at org.testng.SuiteRunner.run(SuiteRunner.java:330)
at org.testng.SuiteRunnerWorker.runSuite(SuiteRunnerWorker.java:52)
at org.testng.SuiteRunnerWorker.run(SuiteRunnerWorker.java:95)
at org.testng.TestNG.runSuitesSequentially(TestNG.java:1256)
at org.testng.TestNG.runSuitesLocally(TestNG.java:1176)
at org.testng.TestNG.runSuites(TestNG.java:1099)
at org.testng.TestNG.run(TestNG.java:1067)
at org.apache.maven.surefire.testng.TestNGExecutor.run(TestNGExecutor.java:135)
at org.apache.maven.surefire.testng.TestNGDirectoryTestSuite.executeSingleClass(TestNGDirectoryTestSuite.java:112)
at org.apache.maven.surefire.testng.TestNGDirectoryTestSuite.execute(TestNGDirectoryTestSuite.java:99)
at org.apache.maven.surefire.testng.TestNGProvider.invoke(TestNGProvider.java:146)
at org.apache.maven.surefire.booter.ForkedBooter.invokeProviderInSameClassLoader(ForkedBooter.java:379)
at org.apache.maven.surefire.booter.ForkedBooter.runSuitesInProcess(ForkedBooter.java:340)
at org.apache.maven.surefire.booter.ForkedBooter.execute(ForkedBooter.java:125)
at org.apache.maven.surefire.booter.ForkedBooter.main(ForkedBooter.java:413)
]]>
            </full-stacktrace>
          </exception> <!-- com.codeborne.selenide.ex.SoftAssertionError -->
          <reporter-output>
          </reporter-output>
        </test-method> <!-- runScenario -->
        <test-method signature="runScenario(io.cucumber.testng.PickleWrapper,io.cucumber.testng.FeatureWrapper)[pri:0, instance:com.yakushkin.cucumber.testng.runner.CucumberTestRunner@6f1de4c7]" started-at="2023-05-29T17:00:40 MSK" name="runScenario" description="Runs Cucumber Scenarios" data-provider="scenarios" finished-at="2023-05-29T17:01:00 MSK" duration-ms="20137" status="FAIL">
          <params>
            <param index="0">
              <value>
                <![CDATA["Shopping cart should contains selected product by click on 'В корзину' button"]]>
              </value>
            </param>
            <param index="1">
              <value>
                <![CDATA["As an open web user"]]>
              </value>
            </param>
          </params>
          <exception class="com.codeborne.selenide.ex.SoftAssertionError">
            <message>
              <![CDATA[Test com.yakushkin.cucumber.testng.runner.CucumberTestRunner.runScenario failed (2 failures)
org.openqa.selenium.TimeoutException: TimedPromise timed out after 20000 ms
Build info: version: '4.8.3', revision: 'e5e76298c3'
System info: os.name: 'Windows 11', os.arch: 'amd64', os.version: '10.0', java.version: '18.0.1.1'
selenide.remote: http://localhost:6672/wd/hub
Driver info: org.openqa.selenium.remote.RemoteWebDriver
Command: [d080f0ba-52ca-4bcc-8c6e-ec88ae6524c5, get {url=https://catalog.onliner.by/mobile/xiaomi/mi1312256gllg}]
selenide.url: https://catalog.onliner.by/mobile/xiaomi/mi1312256gllg
Capabilities {acceptInsecureCerts: true, browserName: firefox, browserVersion: 112.0, moz:accessibilityChecks: false, moz:buildID: 20230406114409, moz:debuggerAddress: 127.0.0.1:9222, moz:geckodriverVersion: 0.33.0, moz:headless: false, moz:platformVersion: 5.10.16.3-microsoft-standar..., moz:processID: 77, moz:profile: /tmp/rust_mozprofileBbPhX3, moz:shutdownTimeout: 60000, moz:useNonSpecCompliantPointerOrigin: false, moz:webdriverClick: true, moz:windowless: false, pageLoadStrategy: normal, platformName: LINUX, proxy: Proxy(), setWindowRect: true, strictFileInteractability: false, timeouts: {implicit: 0, pageLoad: 300000, script: 30000}, unhandledPromptBehavior: accept}
selenide.baseUrl: http://localhost:8080
Session ID: d080f0ba-52ca-4bcc-8c6e-ec88ae6524c5
org.openqa.selenium.TimeoutException: TimedPromise timed out after 20000 ms
Build info: version: '4.8.3', revision: 'e5e76298c3'
System info: os.name: 'Windows 11', os.arch: 'amd64', os.version: '10.0', java.version: '18.0.1.1'
selenide.remote: http://localhost:6672/wd/hub
Driver info: org.openqa.selenium.remote.RemoteWebDriver
Command: [d080f0ba-52ca-4bcc-8c6e-ec88ae6524c5, get {url=https://catalog.onliner.by/mobile/xiaomi/mi1312256gllg}]
selenide.url: https://catalog.onliner.by/mobile/xiaomi/mi1312256gllg
Capabilities {acceptInsecureCerts: true, browserName: firefox, browserVersion: 112.0, moz:accessibilityChecks: false, moz:buildID: 20230406114409, moz:debuggerAddress: 127.0.0.1:9222, moz:geckodriverVersion: 0.33.0, moz:headless: false, moz:platformVersion: 5.10.16.3-microsoft-standar..., moz:processID: 77, moz:profile: /tmp/rust_mozprofileBbPhX3, moz:shutdownTimeout: 60000, moz:useNonSpecCompliantPointerOrigin: false, moz:webdriverClick: true, moz:windowless: false, pageLoadStrategy: normal, platformName: LINUX, proxy: Proxy(), setWindowRect: true, strictFileInteractability: false, timeouts: {implicit: 0, pageLoad: 300000, script: 30000}, unhandledPromptBehavior: accept}
selenide.baseUrl: http://localhost:8080
Session ID: d080f0ba-52ca-4bcc-8c6e-ec88ae6524c5]]>
            </message>
            <full-stacktrace>
              <![CDATA[com.codeborne.selenide.ex.SoftAssertionError: Test com.yakushkin.cucumber.testng.runner.CucumberTestRunner.runScenario failed (2 failures)
org.openqa.selenium.TimeoutException: TimedPromise timed out after 20000 ms
Build info: version: '4.8.3', revision: 'e5e76298c3'
System info: os.name: 'Windows 11', os.arch: 'amd64', os.version: '10.0', java.version: '18.0.1.1'
selenide.remote: http://localhost:6672/wd/hub
Driver info: org.openqa.selenium.remote.RemoteWebDriver
Command: [d080f0ba-52ca-4bcc-8c6e-ec88ae6524c5, get {url=https://catalog.onliner.by/mobile/xiaomi/mi1312256gllg}]
selenide.url: https://catalog.onliner.by/mobile/xiaomi/mi1312256gllg
Capabilities {acceptInsecureCerts: true, browserName: firefox, browserVersion: 112.0, moz:accessibilityChecks: false, moz:buildID: 20230406114409, moz:debuggerAddress: 127.0.0.1:9222, moz:geckodriverVersion: 0.33.0, moz:headless: false, moz:platformVersion: 5.10.16.3-microsoft-standar..., moz:processID: 77, moz:profile: /tmp/rust_mozprofileBbPhX3, moz:shutdownTimeout: 60000, moz:useNonSpecCompliantPointerOrigin: false, moz:webdriverClick: true, moz:windowless: false, pageLoadStrategy: normal, platformName: LINUX, proxy: Proxy(), setWindowRect: true, strictFileInteractability: false, timeouts: {implicit: 0, pageLoad: 300000, script: 30000}, unhandledPromptBehavior: accept}
selenide.baseUrl: http://localhost:8080
Session ID: d080f0ba-52ca-4bcc-8c6e-ec88ae6524c5
org.openqa.selenium.TimeoutException: TimedPromise timed out after 20000 ms
Build info: version: '4.8.3', revision: 'e5e76298c3'
System info: os.name: 'Windows 11', os.arch: 'amd64', os.version: '10.0', java.version: '18.0.1.1'
selenide.remote: http://localhost:6672/wd/hub
Driver info: org.openqa.selenium.remote.RemoteWebDriver
Command: [d080f0ba-52ca-4bcc-8c6e-ec88ae6524c5, get {url=https://catalog.onliner.by/mobile/xiaomi/mi1312256gllg}]
selenide.url: https://catalog.onliner.by/mobile/xiaomi/mi1312256gllg
Capabilities {acceptInsecureCerts: true, browserName: firefox, browserVersion: 112.0, moz:accessibilityChecks: false, moz:buildID: 20230406114409, moz:debuggerAddress: 127.0.0.1:9222, moz:geckodriverVersion: 0.33.0, moz:headless: false, moz:platformVersion: 5.10.16.3-microsoft-standar..., moz:processID: 77, moz:profile: /tmp/rust_mozprofileBbPhX3, moz:shutdownTimeout: 60000, moz:useNonSpecCompliantPointerOrigin: false, moz:webdriverClick: true, moz:windowless: false, pageLoadStrategy: normal, platformName: LINUX, proxy: Proxy(), setWindowRect: true, strictFileInteractability: false, timeouts: {implicit: 0, pageLoad: 300000, script: 30000}, unhandledPromptBehavior: accept}
selenide.baseUrl: http://localhost:8080
Session ID: d080f0ba-52ca-4bcc-8c6e-ec88ae6524c5
at com.codeborne.selenide.logevents.ErrorsCollector.cleanAndGetAssertionError(ErrorsCollector.java:64)
at com.codeborne.selenide.testng.SoftAsserts.failIfErrors(SoftAsserts.java:91)
at com.codeborne.selenide.testng.SoftAsserts.onTestFailure(SoftAsserts.java:31)
at org.testng.internal.TestListenerHelper.runTestListeners(TestListenerHelper.java:99)
at org.testng.internal.invokers.TestInvoker.runTestResultListener(TestInvoker.java:277)
at org.testng.internal.invokers.TestInvoker.invokeMethod(TestInvoker.java:764)
at org.testng.internal.invokers.TestInvoker.invokeTestMethod(TestInvoker.java:221)
at org.testng.internal.invokers.MethodRunner.runInSequence(MethodRunner.java:50)
at org.testng.internal.invokers.TestInvoker$MethodInvocationAgent.invoke(TestInvoker.java:969)
at org.testng.internal.invokers.TestInvoker.invokeTestMethods(TestInvoker.java:194)
at org.testng.internal.invokers.TestMethodWorker.invokeTestMethods(TestMethodWorker.java:148)
at org.testng.internal.invokers.TestMethodWorker.run(TestMethodWorker.java:128)
at java.base/java.util.ArrayList.forEach(ArrayList.java:1511)
at org.testng.TestRunner.privateRun(TestRunner.java:829)
at org.testng.TestRunner.run(TestRunner.java:602)
at org.testng.SuiteRunner.runTest(SuiteRunner.java:437)
at org.testng.SuiteRunner.runSequentially(SuiteRunner.java:431)
at org.testng.SuiteRunner.privateRun(SuiteRunner.java:391)
at org.testng.SuiteRunner.run(SuiteRunner.java:330)
at org.testng.SuiteRunnerWorker.runSuite(SuiteRunnerWorker.java:52)
at org.testng.SuiteRunnerWorker.run(SuiteRunnerWorker.java:95)
at org.testng.TestNG.runSuitesSequentially(TestNG.java:1256)
at org.testng.TestNG.runSuitesLocally(TestNG.java:1176)
at org.testng.TestNG.runSuites(TestNG.java:1099)
at org.testng.TestNG.run(TestNG.java:1067)
at org.apache.maven.surefire.testng.TestNGExecutor.run(TestNGExecutor.java:135)
at org.apache.maven.surefire.testng.TestNGDirectoryTestSuite.executeSingleClass(TestNGDirectoryTestSuite.java:112)
at org.apache.maven.surefire.testng.TestNGDirectoryTestSuite.execute(TestNGDirectoryTestSuite.java:99)
at org.apache.maven.surefire.testng.TestNGProvider.invoke(TestNGProvider.java:146)
at org.apache.maven.surefire.booter.ForkedBooter.invokeProviderInSameClassLoader(ForkedBooter.java:379)
at org.apache.maven.surefire.booter.ForkedBooter.runSuitesInProcess(ForkedBooter.java:340)
at org.apache.maven.surefire.booter.ForkedBooter.execute(ForkedBooter.java:125)
at org.apache.maven.surefire.booter.ForkedBooter.main(ForkedBooter.java:413)
]]>
            </full-stacktrace>
          </exception> <!-- com.codeborne.selenide.ex.SoftAssertionError -->
          <reporter-output>
          </reporter-output>
        </test-method> <!-- runScenario -->
        <test-method is-config="true" signature="tearDownClass()[pri:0, instance:com.yakushkin.cucumber.testng.runner.CucumberTestRunner@6f1de4c7]" started-at="2023-05-29T17:01:00 MSK" name="tearDownClass" finished-at="2023-05-29T17:01:00 MSK" duration-ms="54" status="PASS">
          <reporter-output>
          </reporter-output>
        </test-method> <!-- tearDownClass -->
      </class> <!-- com.yakushkin.cucumber.testng.runner.CucumberTestRunner -->
    </test> <!-- Surefire test -->
  </suite> <!-- Surefire suite -->
</testng-results>
